#
# There is insufficient memory for the Java Runtime Environment to continue.
# Native memory allocation (mmap) failed to map 201326592 bytes for G1 virtual space
# Possible reasons:
#   The system is out of physical RAM or swap space
#   The process is running with CompressedOops enabled, and the Java Heap may be blocking the growth of the native heap
# Possible solutions:
#   Reduce memory load on the system
#   Increase physical memory or swap space
#   Check if swap backing store is full
#   Decrease Java heap size (-Xmx/-Xms)
#   Decrease number of Java threads
#   Decrease Java thread stack sizes (-Xss)
#   Set larger code cache with -XX:ReservedCodeCacheSize=
#   JVM is running with Zero Based Compressed Oops mode in which the Java heap is
#     placed in the first 32GB address space. The Java Heap base address is the
#     maximum limit for the native heap growth. Please use -XX:HeapBaseMinAddress
#     to set the Java Heap base and to place the Java Heap above 32GB virtual address.
# This output file may be truncated or incomplete.
#
#  Out of Memory Error (os_windows.cpp:3469), pid=9820, tid=18276
#
# JRE version:  (17.0.1+12) (build )
# Java VM: OpenJDK 64-Bit Server VM (17.0.1+12, mixed mode, sharing, tiered, compressed oops, compressed class ptrs, g1 gc, windows-amd64)
# No core dump will be written. Minidumps are not enabled by default on client versions of Windows
#

---------------  S U M M A R Y ------------

Command Line: -Dfile.encoding=Cp1252 -XX:+ShowCodeDetailsInExceptionMessages main.Main

Host: Intel(R) Core(TM) i5-8265U CPU @ 1.60GHz, 8 cores, 11G,  Windows 10 , 64 bit Build 19041 (10.0.19041.1466)
Time: Sat Jan 22 21:25:12 2022 Hora verano Sudamérica Pacífico elapsed time: 0.050528 seconds (0d 0h 0m 0s)

---------------  T H R E A D  ---------------

Current thread (0x000001253322afe0):  JavaThread "Unknown thread" [_thread_in_vm, id=18276, stack(0x0000000276100000,0x0000000276200000)]

Stack: [0x0000000276100000,0x0000000276200000]
Native frames: (J=compiled Java code, j=interpreted, Vv=VM code, C=native code)
V  [jvm.dll+0x6744da]
V  [jvm.dll+0x82e144]
V  [jvm.dll+0x82f8ee]
V  [jvm.dll+0x82ff53]
V  [jvm.dll+0x245175]
V  [jvm.dll+0x6714c9]
V  [jvm.dll+0x665f92]
V  [jvm.dll+0x303c3b]
V  [jvm.dll+0x30b176]
V  [jvm.dll+0x35af1e]
V  [jvm.dll+0x35b14f]
V  [jvm.dll+0x2dab78]
V  [jvm.dll+0x2dbae4]
V  [jvm.dll+0x7ffdf1]
V  [jvm.dll+0x368c91]
V  [jvm.dll+0x7df2cc]
V  [jvm.dll+0x3eb59f]
V  [jvm.dll+0x3ed121]
C  [jli.dll+0x5277]
C  [ucrtbase.dll+0x21bb2]
C  [KERNEL32.DLL+0x17034]
C  [ntdll.dll+0x52651]


---------------  P R O C E S S  ---------------

Threads class SMR info:
_java_thread_list=0x00007ffb93af4e58, length=0, elements={
}

Java Threads: ( => current thread )

Other Threads:
  0x00000125352d5de0 GCTaskThread "GC Thread#0" [stack: 0x0000000276200000,0x0000000276300000] [id=7244]
  0x00000125352e2b60 ConcurrentGCThread "G1 Main Marker" [stack: 0x0000000276300000,0x0000000276400000] [id=20620]
  0x00000125352e4d20 ConcurrentGCThread "G1 Conc#0" [stack: 0x0000000276400000,0x0000000276500000] [id=22560]

[error occurred during error reporting (printing all threads), id 0xc0000005, EXCEPTION_ACCESS_VIOLATION (0xc0000005) at pc=0x00007ffb932cb5f7]

VM state: not at safepoint (not fully initialized)

VM Mutex/Monitor currently owned by a thread:  ([mutex/lock_event])
[0x0000012535290e20] Heap_lock - owner thread: 0x000001253322afe0

Heap address: 0x0000000741c00000, size: 3044 MB, Compressed Oops mode: Zero based, Oop shift amount: 3

CDS archive(s) mapped at: [0x0000000000000000-0x0000000000000000-0x0000000000000000), size 0, SharedBaseAddress: 0x0000000800000000, ArchiveRelocationMode: 0.
Narrow klass base: 0x0000000000000000, Narrow klass shift: 0, Narrow klass range: 0x0

GC Precious Log:
<Empty>

Heap:
 garbage-first heap   total 0K, used 0K [0x0000000741c00000, 0x0000000800000000)
  region size 2048K, 0 young (0K), 0 survivors (0K)

[error occurred during error reporting (printing heap information), id 0xc0000005, EXCEPTION_ACCESS_VIOLATION (0xc0000005) at pc=0x00007ffb936ad729]

GC Heap History (0 events):
No events

Deoptimization events (0 events):
No events

Classes unloaded (0 events):
No events

Classes redefined (0 events):
No events

Internal exceptions (0 events):
No events

VM Operations (0 events):
No events

Events (1 events):
Event: 0.006 Loaded shared library C:\Users\Alber\.p2\pool\plugins\org.eclipse.justj.openjdk.hotspot.jre.full.win32.x86_64_17.0.1.v20211116-1657\jre\bin\java.dll


Dynamic libraries:
0x00007ff76a010000 - 0x00007ff76a01e000 	C:\Users\Alber\.p2\pool\plugins\org.eclipse.justj.openjdk.hotspot.jre.full.win32.x86_64_17.0.1.v20211116-1657\jre\bin\javaw.exe
0x00007ffbe3d50000 - 0x00007ffbe3f45000 	C:\windows\SYSTEM32\ntdll.dll
0x00007ffbe3b50000 - 0x00007ffbe3c0e000 	C:\windows\System32\KERNEL32.DLL
0x00007ffbe1ac0000 - 0x00007ffbe1d88000 	C:\windows\System32\KERNELBASE.dll
0x00007ffbe16d0000 - 0x00007ffbe17d0000 	C:\windows\System32\ucrtbase.dll
0x00007ffbc8b10000 - 0x00007ffbc8b28000 	C:\Users\Alber\.p2\pool\plugins\org.eclipse.justj.openjdk.hotspot.jre.full.win32.x86_64_17.0.1.v20211116-1657\jre\bin\jli.dll
0x00007ffbc8b30000 - 0x00007ffbc8b49000 	C:\Users\Alber\.p2\pool\plugins\org.eclipse.justj.openjdk.hotspot.jre.full.win32.x86_64_17.0.1.v20211116-1657\jre\bin\VCRUNTIME140.dll
0x00007ffbe2180000 - 0x00007ffbe2321000 	C:\windows\System32\USER32.dll
0x00007ffbcaa70000 - 0x00007ffbcad0a000 	C:\windows\WinSxS\amd64_microsoft.windows.common-controls_6595b64144ccf1df_6.0.19041.1110_none_60b5254171f9507e\COMCTL32.dll
0x00007ffbe17d0000 - 0x00007ffbe17f2000 	C:\windows\System32\win32u.dll
0x00007ffbe3c10000 - 0x00007ffbe3cae000 	C:\windows\System32\msvcrt.dll
0x00007ffbe2580000 - 0x00007ffbe25ab000 	C:\windows\System32\GDI32.dll
0x00007ffbe1530000 - 0x00007ffbe163d000 	C:\windows\System32\gdi32full.dll
0x00007ffbe1490000 - 0x00007ffbe152d000 	C:\windows\System32\msvcp_win.dll
0x00007ffbe23c0000 - 0x00007ffbe23f0000 	C:\windows\System32\IMM32.DLL
0x00007ffbdcb50000 - 0x00007ffbdcb5c000 	C:\Users\Alber\.p2\pool\plugins\org.eclipse.justj.openjdk.hotspot.jre.full.win32.x86_64_17.0.1.v20211116-1657\jre\bin\vcruntime140_1.dll
0x00007ffba5d70000 - 0x00007ffba5e01000 	C:\Users\Alber\.p2\pool\plugins\org.eclipse.justj.openjdk.hotspot.jre.full.win32.x86_64_17.0.1.v20211116-1657\jre\bin\msvcp140.dll
0x00007ffb92fe0000 - 0x00007ffb93c26000 	C:\Users\Alber\.p2\pool\plugins\org.eclipse.justj.openjdk.hotspot.jre.full.win32.x86_64_17.0.1.v20211116-1657\jre\bin\server\jvm.dll
0x00007ffbe25b0000 - 0x00007ffbe265e000 	C:\windows\System32\ADVAPI32.dll
0x00007ffbe37c0000 - 0x00007ffbe385c000 	C:\windows\System32\sechost.dll
0x00007ffbe2e70000 - 0x00007ffbe2f95000 	C:\windows\System32\RPCRT4.dll
0x00007ffbe3990000 - 0x00007ffbe3998000 	C:\windows\System32\PSAPI.DLL
0x00007ffbdcb80000 - 0x00007ffbdcb8a000 	C:\windows\SYSTEM32\VERSION.dll
0x00007ffbcd8b0000 - 0x00007ffbcd8b9000 	C:\windows\SYSTEM32\WSOCK32.dll
0x00007ffbce490000 - 0x00007ffbce4b7000 	C:\windows\SYSTEM32\WINMM.dll
0x00007ffbe2740000 - 0x00007ffbe27ab000 	C:\windows\System32\WS2_32.dll
0x00007ffbdffc0000 - 0x00007ffbdffd2000 	C:\windows\SYSTEM32\kernel.appcore.dll
0x00007ffbdb6f0000 - 0x00007ffbdb6fa000 	C:\Users\Alber\.p2\pool\plugins\org.eclipse.justj.openjdk.hotspot.jre.full.win32.x86_64_17.0.1.v20211116-1657\jre\bin\jimage.dll
0x00007ffbdfa40000 - 0x00007ffbdfc24000 	C:\windows\SYSTEM32\DBGHELP.DLL
0x00007ffbd16b0000 - 0x00007ffbd16dc000 	C:\windows\SYSTEM32\dbgcore.DLL
0x00007ffbe1640000 - 0x00007ffbe16c2000 	C:\windows\System32\bcryptPrimitives.dll
0x00007ffbc4d60000 - 0x00007ffbc4d85000 	C:\Users\Alber\.p2\pool\plugins\org.eclipse.justj.openjdk.hotspot.jre.full.win32.x86_64_17.0.1.v20211116-1657\jre\bin\java.dll

dbghelp: loaded successfully - version: 4.0.5 - missing functions: none
symbol engine: initialized successfully - sym options: 0x614 - pdb path: .;C:\Users\Alber\.p2\pool\plugins\org.eclipse.justj.openjdk.hotspot.jre.full.win32.x86_64_17.0.1.v20211116-1657\jre\bin;C:\windows\SYSTEM32;C:\windows\WinSxS\amd64_microsoft.windows.common-controls_6595b64144ccf1df_6.0.19041.1110_none_60b5254171f9507e;C:\Users\Alber\.p2\pool\plugins\org.eclipse.justj.openjdk.hotspot.jre.full.win32.x86_64_17.0.1.v20211116-1657\jre\bin\server

VM Arguments:
jvm_args: -Dfile.encoding=Cp1252 -XX:+ShowCodeDetailsInExceptionMessages 
java_command: main.Main
java_class_path (initial): C:\Users\Alber\eclipse-workspace\SistemaDeClientes\bin;C:\Users\Alber\.p2\pool\plugins\org.junit_4.13.0.v20200204-1500.jar;C:\Users\Alber\.p2\pool\plugins\org.hamcrest.core_1.3.0.v20180420-1519.jar
Launcher Type: SUN_STANDARD

[Global flags]
     intx CICompilerCount                          = 4                                         {product} {ergonomic}
     uint ConcGCThreads                            = 2                                         {product} {ergonomic}
     uint G1ConcRefinementThreads                  = 8                                         {product} {ergonomic}
   size_t G1HeapRegionSize                         = 2097152                                   {product} {ergonomic}
    uintx GCDrainStackTargetSize                   = 64                                        {product} {ergonomic}
   size_t InitialHeapSize                          = 201326592                                 {product} {ergonomic}
   size_t MarkStackSize                            = 4194304                                   {product} {ergonomic}
   size_t MaxHeapSize                              = 3191865344                                {product} {ergonomic}
   size_t MinHeapDeltaBytes                        = 2097152                                   {product} {ergonomic}
   size_t MinHeapSize                              = 8388608                                   {product} {ergonomic}
    uintx NonNMethodCodeHeapSize                   = 5839372                                {pd product} {ergonomic}
    uintx NonProfiledCodeHeapSize                  = 122909434                              {pd product} {ergonomic}
    uintx ProfiledCodeHeapSize                     = 122909434                              {pd product} {ergonomic}
    uintx ReservedCodeCacheSize                    = 251658240                              {pd product} {ergonomic}
     bool SegmentedCodeCache                       = true                                      {product} {ergonomic}
     bool ShowCodeDetailsInExceptionMessages       = true                                   {manageable} {command line}
   size_t SoftMaxHeapSize                          = 3191865344                             {manageable} {ergonomic}
     bool UseCompressedClassPointers               = true                           {product lp64_product} {ergonomic}
     bool UseCompressedOops                        = true                           {product lp64_product} {ergonomic}
     bool UseG1GC                                  = true                                      {product} {ergonomic}
     bool UseLargePagesIndividualAllocation        = false                                  {pd product} {ergonomic}

Logging:
Log output configuration:
 #0: stdout all=warning uptime,level,tags
 #1: stderr all=off uptime,level,tags

Environment Variables:
JAVA_HOME=C:\Program Files\Java\jdk1.8.0_311
PATH=C:/Users/Alber/.p2/pool/plugins/org.eclipse.justj.openjdk.hotspot.jre.full.win32.x86_64_17.0.1.v20211116-1657/jre/bin/server;C:/Users/Alber/.p2/pool/plugins/org.eclipse.justj.openjdk.hotspot.jre.full.win32.x86_64_17.0.1.v20211116-1657/jre/bin;C:\Program Files (x86)\Common Files\Oracle\Java\javapath;C:\windows\system32;C:\windows;C:\windows\System32\Wbem;C:\windows\System32\WindowsPowerShell\v1.0\;C:\windows\System32\OpenSSH\;C:\Program Files (x86)\Microsoft SQL Server\100\Tools\Binn\;C:\Program Files\Microsoft SQL Server\100\Tools\Binn\;C:\Program Files\Microsoft SQL Server\100\DTS\Binn\;C:\Program Files (x86)\Microsoft SQL Server\100\Tools\Binn\VSShell\Common7\IDE\;C:\Program Files (x86)\Microsoft SQL Server\100\DTS\Binn\;C:\Program Files (x86)\Microsoft Visual Studio 9.0\Common7\IDE\PrivateAssemblies\;C:\Program Files\PuTTY\;C:\Program Files\nodejs\;C:\Program Files\Git\cmd;C:\Program Files\Java\jdk1.8.0_311\bin;C:\Users\Alber\AppData\Local\Programs\Python\Python39\Scripts\;C:\Users\Alber\AppData\Local\Programs\Python\Python39\;C:\Users\Alber\AppData\Local\Microsoft\WindowsApps;C:\Users\Alber\AppData\Local\atom\bin;C:\Users\Alber\AppData\Roaming\npm;C:\Users\Alber\AppData\Local\Programs\Hyper\resources\bin;C:\Program Files\heroku\bin;C:\Users\Alber\AppData\Local\Programs\Microsoft VS Code\bin;C:\windows\System32;
USERNAME=Alber
OS=Windows_NT
PROCESSOR_IDENTIFIER=Intel64 Family 6 Model 142 Stepping 12, GenuineIntel



---------------  S Y S T E M  ---------------

OS:
 Windows 10 , 64 bit Build 19041 (10.0.19041.1466)
OS uptime: 4 days 17:36 hours

CPU: total 8 (initial active 8) (4 cores per cpu, 2 threads per core) family 6 model 142 stepping 12 microcode 0xd6, cx8, cmov, fxsr, ht, mmx, 3dnowpref, sse, sse2, sse3, ssse3, sse4.1, sse4.2, popcnt, lzcnt, tsc, tscinvbit, avx, avx2, aes, erms, clmul, bmi1, bmi2, adx, fma, vzeroupper, clflush, clflushopt

Memory: 4k page, system-wide physical 12172M (5825M free)
TotalPageFile size 20364M (AvailPageFile size 153M)
current process WorkingSet (physical memory assigned to process): 10M, peak: 10M
current process commit charge ("private bytes"): 59M, peak: 251M

vm_info: OpenJDK 64-Bit Server VM (17.0.1+12) for windows-amd64 JRE (17.0.1+12), built on Oct 20 2021 07:42:55 by "" with MS VC++ 16.7 (VS2019)

END.
